<?xml version="1.0" encoding="UTF-8"?>
<testng-results skipped="0" failed="0" total="1" passed="1">
  <reporter-output>
  </reporter-output>
  <suite name="Default suite" duration-ms="99526" started-at="2015-10-24T16:52:31Z" finished-at="2015-10-24T16:54:10Z">
    <groups>
      <group name="Firefox">
        <method signature="ElementsTests.testAmazon()[pri:0, instance:com.sqa.ao.selenium.elements.ElementsTests@10bb83e]" name="testAmazon" class="com.sqa.ao.selenium.elements.ElementsTests"/>
      </group> <!-- Firefox -->
      <group name="Amazon">
        <method signature="ElementsTests.testAmazon()[pri:0, instance:com.sqa.ao.selenium.elements.ElementsTests@10bb83e]" name="testAmazon" class="com.sqa.ao.selenium.elements.ElementsTests"/>
      </group> <!-- Amazon -->
      <group name="Chrome">
        <method signature="ElementsTests.testAmazon()[pri:0, instance:com.sqa.ao.selenium.elements.ElementsTests@10bb83e]" name="testAmazon" class="com.sqa.ao.selenium.elements.ElementsTests"/>
      </group> <!-- Chrome -->
    </groups>
    <test name="Default test" duration-ms="99526" started-at="2015-10-24T16:52:31Z" finished-at="2015-10-24T16:54:10Z">
      <class name="com.sqa.ao.selenium.elements.ElementsTests">
        <test-method status="PASS" signature="beforeClass()[pri:0, instance:com.sqa.ao.selenium.elements.ElementsTests@10bb83e]" name="beforeClass" is-config="true" duration-ms="15234" started-at="2015-10-24T09:52:31Z" finished-at="2015-10-24T09:52:46Z">
          <reporter-output>
          </reporter-output>
        </test-method> <!-- beforeClass -->
        <test-method status="PASS" signature="testAmazon()[pri:0, instance:com.sqa.ao.selenium.elements.ElementsTests@10bb83e]" name="testAmazon" duration-ms="84275" started-at="2015-10-24T09:52:46Z" finished-at="2015-10-24T09:54:10Z">
          <reporter-output>
          </reporter-output>
        </test-method> <!-- testAmazon -->
        <test-method status="PASS" signature="afterClass()[pri:0, instance:com.sqa.ao.selenium.elements.ElementsTests@10bb83e]" name="afterClass" is-config="true" duration-ms="1" started-at="2015-10-24T09:54:10Z" finished-at="2015-10-24T09:54:10Z">
          <reporter-output>
          </reporter-output>
        </test-method> <!-- afterClass -->
      </class> <!-- com.sqa.ao.selenium.elements.ElementsTests -->
    </test> <!-- Default test -->
  </suite> <!-- Default suite -->
</testng-results>
